{"/Users/jordansolomon/Desktop/Web3/Development/Middle-Earth/Offchain-functionallity/updateGameState.js": {"path":"/Users/jordansolomon/Desktop/Web3/Development/Middle-Earth/Offchain-functionallity/updateGameState.js","statementMap":{"0":{"start":{"line":1,"column":59},"end":{"line":1,"column":79}},"1":{"start":{"line":8,"column":24},"end":{"line":60,"column":1}},"2":{"start":{"line":10,"column":23},"end":{"line":10,"column":61}},"3":{"start":{"line":11,"column":20},"end":{"line":11,"column":22}},"4":{"start":{"line":12,"column":17},"end":{"line":12,"column":42}},"5":{"start":{"line":17,"column":29},"end":{"line":23,"column":3}},"6":{"start":{"line":18,"column":21},"end":{"line":18,"column":42}},"7":{"start":{"line":19,"column":4},"end":{"line":19,"column":61}},"8":{"start":{"line":21,"column":22},"end":{"line":21,"column":37}},"9":{"start":{"line":22,"column":4},"end":{"line":22,"column":68}},"10":{"start":{"line":27,"column":2},"end":{"line":56,"column":5}},"11":{"start":{"line":28,"column":30},"end":{"line":28,"column":49}},"12":{"start":{"line":29,"column":21},"end":{"line":29,"column":38}},"13":{"start":{"line":30,"column":56},"end":{"line":30,"column":64}},"14":{"start":{"line":34,"column":4},"end":{"line":36,"column":5}},"15":{"start":{"line":35,"column":6},"end":{"line":35,"column":48}},"16":{"start":{"line":40,"column":4},"end":{"line":55,"column":5}},"17":{"start":{"line":41,"column":31},"end":{"line":41,"column":56}},"18":{"start":{"line":43,"column":29},"end":{"line":43,"column":50}},"19":{"start":{"line":44,"column":6},"end":{"line":48,"column":7}},"20":{"start":{"line":45,"column":8},"end":{"line":47,"column":9}},"21":{"start":{"line":46,"column":10},"end":{"line":46,"column":60}},"22":{"start":{"line":50,"column":6},"end":{"line":54,"column":7}},"23":{"start":{"line":51,"column":8},"end":{"line":53,"column":9}},"24":{"start":{"line":52,"column":10},"end":{"line":52,"column":58}},"25":{"start":{"line":59,"column":2},"end":{"line":59,"column":21}},"26":{"start":{"line":62,"column":0},"end":{"line":62,"column":37}}},"fnMap":{"0":{"name":"(anonymous_0)","decl":{"start":{"line":8,"column":24},"end":{"line":8,"column":25}},"loc":{"start":{"line":8,"column":52},"end":{"line":60,"column":1}},"line":8},"1":{"name":"(anonymous_1)","decl":{"start":{"line":17,"column":29},"end":{"line":17,"column":30}},"loc":{"start":{"line":17,"column":71},"end":{"line":23,"column":3}},"line":17},"2":{"name":"(anonymous_2)","decl":{"start":{"line":27,"column":17},"end":{"line":27,"column":18}},"loc":{"start":{"line":27,"column":28},"end":{"line":56,"column":3}},"line":27}},"branchMap":{"0":{"loc":{"start":{"line":34,"column":4},"end":{"line":36,"column":5}},"type":"if","locations":[{"start":{"line":34,"column":4},"end":{"line":36,"column":5}},{"start":{},"end":{}}],"line":34},"1":{"loc":{"start":{"line":34,"column":8},"end":{"line":34,"column":114}},"type":"binary-expr","locations":[{"start":{"line":34,"column":8},"end":{"line":34,"column":17}},{"start":{"line":34,"column":21},"end":{"line":34,"column":54}},{"start":{"line":34,"column":58},"end":{"line":34,"column":114}}],"line":34},"2":{"loc":{"start":{"line":40,"column":4},"end":{"line":55,"column":5}},"type":"if","locations":[{"start":{"line":40,"column":4},"end":{"line":55,"column":5}},{"start":{},"end":{}}],"line":40},"3":{"loc":{"start":{"line":40,"column":8},"end":{"line":40,"column":34}},"type":"binary-expr","locations":[{"start":{"line":40,"column":8},"end":{"line":40,"column":19}},{"start":{"line":40,"column":23},"end":{"line":40,"column":34}}],"line":40},"4":{"loc":{"start":{"line":44,"column":6},"end":{"line":48,"column":7}},"type":"if","locations":[{"start":{"line":44,"column":6},"end":{"line":48,"column":7}},{"start":{},"end":{}}],"line":44},"5":{"loc":{"start":{"line":44,"column":10},"end":{"line":44,"column":98}},"type":"binary-expr","locations":[{"start":{"line":44,"column":10},"end":{"line":44,"column":36}},{"start":{"line":44,"column":40},"end":{"line":44,"column":98}}],"line":44},"6":{"loc":{"start":{"line":45,"column":8},"end":{"line":47,"column":9}},"type":"if","locations":[{"start":{"line":45,"column":8},"end":{"line":47,"column":9}},{"start":{},"end":{}}],"line":45},"7":{"loc":{"start":{"line":45,"column":12},"end":{"line":45,"column":185}},"type":"binary-expr","locations":[{"start":{"line":45,"column":12},"end":{"line":45,"column":63}},{"start":{"line":45,"column":67},"end":{"line":45,"column":106}},{"start":{"line":45,"column":110},"end":{"line":45,"column":185}}],"line":45},"8":{"loc":{"start":{"line":50,"column":6},"end":{"line":54,"column":7}},"type":"if","locations":[{"start":{"line":50,"column":6},"end":{"line":54,"column":7}},{"start":{},"end":{}}],"line":50},"9":{"loc":{"start":{"line":50,"column":10},"end":{"line":50,"column":94}},"type":"binary-expr","locations":[{"start":{"line":50,"column":10},"end":{"line":50,"column":34}},{"start":{"line":50,"column":38},"end":{"line":50,"column":94}}],"line":50},"10":{"loc":{"start":{"line":51,"column":8},"end":{"line":53,"column":9}},"type":"if","locations":[{"start":{"line":51,"column":8},"end":{"line":53,"column":9}},{"start":{},"end":{}}],"line":51},"11":{"loc":{"start":{"line":51,"column":12},"end":{"line":51,"column":149}},"type":"binary-expr","locations":[{"start":{"line":51,"column":12},"end":{"line":51,"column":70}},{"start":{"line":51,"column":74},"end":{"line":51,"column":149}}],"line":51}},"s":{"0":1,"1":1,"2":6,"3":6,"4":6,"5":6,"6":4,"7":4,"8":4,"9":4,"10":6,"11":24,"12":24,"13":24,"14":24,"15":18,"16":24,"17":22,"18":22,"19":22,"20":2,"21":2,"22":22,"23":2,"24":2,"25":6,"26":1},"f":{"0":6,"1":4,"2":24},"b":{"0":[18,6],"1":[24,20,19],"2":[22,2],"3":[24,24],"4":[2,20],"5":[22,4],"6":[2,0],"7":[2,2,2],"8":[2,20],"9":[22,2],"10":[2,0],"11":[2,2]},"_coverageSchema":"1a1c01bbd47fc00a2c39e90264f33305004495a9","hash":"fc832783bc82d635291a73c4152fe1e3b4e7f7ef"}
}
