TN:
SF:updateGameState.js
FN:8,(anonymous_0)
FN:17,(anonymous_1)
FN:27,(anonymous_2)
FNF:3
FNH:3
FNDA:6,(anonymous_0)
FNDA:4,(anonymous_1)
FNDA:24,(anonymous_2)
DA:1,1
DA:8,1
DA:10,6
DA:11,6
DA:12,6
DA:17,6
DA:18,4
DA:19,4
DA:21,4
DA:22,4
DA:27,6
DA:28,24
DA:29,24
DA:30,24
DA:34,24
DA:35,18
DA:40,24
DA:41,22
DA:43,22
DA:44,22
DA:45,2
DA:46,2
DA:50,22
DA:51,2
DA:52,2
DA:59,6
DA:62,1
LF:27
LH:27
BRDA:34,0,0,18
BRDA:34,0,1,6
BRDA:34,1,0,24
BRDA:34,1,1,20
BRDA:34,1,2,19
BRDA:40,2,0,22
BRDA:40,2,1,2
BRDA:40,3,0,24
BRDA:40,3,1,24
BRDA:44,4,0,2
BRDA:44,4,1,20
BRDA:44,5,0,22
BRDA:44,5,1,4
BRDA:45,6,0,2
BRDA:45,6,1,0
BRDA:45,7,0,2
BRDA:45,7,1,2
BRDA:45,7,2,2
BRDA:50,8,0,2
BRDA:50,8,1,20
BRDA:50,9,0,22
BRDA:50,9,1,2
BRDA:51,10,0,2
BRDA:51,10,1,0
BRDA:51,11,0,2
BRDA:51,11,1,2
BRF:26
BRH:24
end_of_record
